<?xml version="1.0" encoding="UTF-8"?>
<!-- Generated by org.testng.reporters.JUnitReportReporter -->
<testsuite hostname="DESKTOP-KIBHVTP" failures="0" tests="1" name="tms.mb.admin.AdminCreatePackage_UpdateSamePackageTest" time="5.139" errors="0" timestamp="2023-03-07T16:18:55 IST" skipped="0">
  <testcase classname="tms.mb.admin.AdminCreatePackage_UpdateSamePackageTest" name="adminCreatePackage_UpdateSamePackageTest" time="5.139"/>
  <system-out/>
</testsuite> <!-- tms.mb.admin.AdminCreatePackage_UpdateSamePackageTest -->
