<?xml version="1.0" encoding="UTF-8"?>
<!-- Generated by org.testng.reporters.JUnitReportReporter -->
<testsuite hostname="DESKTOP-KIBHVTP" failures="0" tests="1" name="practice.ShadowElementPractice" time="2.916" errors="0" timestamp="2023-03-07T12:16:07 IST" skipped="0">
  <testcase classname="practice.ShadowElementPractice" name="test" time="2.916"/>
  <system-out/>
</testsuite> <!-- practice.ShadowElementPractice -->
