<?xml version="1.0" encoding="UTF-8"?>
<!-- Generated by org.testng.reporters.JUnitReportReporter -->
<testsuite hostname="DESKTOP-KIBHVTP" failures="0" tests="1" name="tms.mb.admin.CreatePackageTest" time="20.740" errors="0" timestamp="2023-03-07T15:10:50 IST" skipped="0">
  <testcase classname="tms.mb.admin.CreatePackageTest" name="createPackageTest" time="20.740"/>
  <system-out/>
</testsuite> <!-- tms.mb.admin.CreatePackageTest -->
