<?xml version="1.0" encoding="UTF-8"?>
<!-- Generated by org.testng.reporters.JUnitReportReporter -->
<testsuite hostname="DESKTOP-KIBHVTP" failures="0" tests="1" name="practice.Practices" time="0.015" errors="0" timestamp="2023-02-22T14:10:34 IST" skipped="0">
  <testcase classname="practice.Practices" name="test" time="0.015"/>
  <system-out/>
</testsuite> <!-- practice.Practices -->
