<?xml version="1.0" encoding="UTF-8"?>
<!-- Generated by org.testng.reporters.JUnitReportReporter -->
<testsuite hostname="DESKTOP-KIBHVTP" failures="0" tests="4" name="practice.DataProviderPractice2" time="0.025" errors="0" timestamp="2023-02-24T12:27:01 IST" skipped="0">
  <testcase classname="practice.DataProviderPractice2" name="test" time="0.004"/>
  <system-out/>
  <testcase classname="practice.DataProviderPractice2" name="test" time="0.004"/>
  <system-out/>
  <testcase classname="practice.DataProviderPractice2" name="test" time="0.011"/>
  <system-out/>
  <testcase classname="practice.DataProviderPractice2" name="test" time="0.006"/>
  <system-out/>
</testsuite> <!-- practice.DataProviderPractice2 -->
