<?xml version="1.0" encoding="UTF-8"?>
<!-- Generated by org.testng.reporters.JUnitReportReporter -->
<testsuite hostname="DESKTOP-KIBHVTP" failures="0" tests="1" name="tms.mb.admin.AdminUpdatePage_UserViewPageTest" time="8.810" errors="0" timestamp="2023-03-02T12:03:33 IST" skipped="0">
  <testcase classname="tms.mb.admin.AdminUpdatePage_UserViewPageTest" name="adminUpdatePage_UserViewPage" time="8.810"/>
  <system-out/>
</testsuite> <!-- tms.mb.admin.AdminUpdatePage_UserViewPageTest -->
