<?xml version="1.0" encoding="UTF-8"?>
<!-- Generated by org.testng.reporters.JUnitReportReporter -->
<testsuite hostname="DESKTOP-KIBHVTP" failures="0" tests="1" name="tms.mb.user.CreateUserAccountTest" time="4.394" errors="0" timestamp="2023-03-02T12:08:18 IST" skipped="0">
  <testcase classname="tms.mb.user.CreateUserAccountTest" name="createUserAccountTest" time="4.394"/>
  <system-out/>
</testsuite> <!-- tms.mb.user.CreateUserAccountTest -->
