<?xml version="1.0" encoding="UTF-8"?>
<!-- Generated by org.testng.reporters.JUnitReportReporter -->
<testsuite hostname="DESKTOP-KIBHVTP" failures="0" tests="1" name="practice.TestNgPractice2" time="0.010" errors="0" timestamp="2023-02-28T12:14:58 IST" skipped="0">
  <testcase classname="practice.TestNgPractice2" name="test" time="0.010"/>
  <system-out/>
</testsuite> <!-- practice.TestNgPractice2 -->
