<?xml version="1.0" encoding="UTF-8"?>
<!-- Generated by org.testng.reporters.JUnitReportReporter -->
<testsuite hostname="DESKTOP-KIBHVTP" failures="0" tests="1" name="tms.mb.user.CancelPackageAfterBookingTest" time="26.404" errors="0" timestamp="2023-03-02T17:55:36 IST" skipped="0">
  <testcase classname="tms.mb.user.CancelPackageAfterBookingTest" name="cancelPackageAfterBookingTest" time="26.404"/>
  <system-out/>
</testsuite> <!-- tms.mb.user.CancelPackageAfterBookingTest -->
