<?xml version="1.0" encoding="UTF-8"?>
<!-- Generated by org.testng.reporters.JUnitReportReporter -->
<testsuite hostname="DESKTOP-KIBHVTP" failures="0" tests="1" name="practice.BrokenLinkPractice" time="195.554" errors="0" timestamp="2023-03-07T12:02:57 IST" skipped="0">
  <testcase classname="practice.BrokenLinkPractice" name="test" time="195.554"/>
  <system-out/>
</testsuite> <!-- practice.BrokenLinkPractice -->
