<?xml version="1.0" encoding="UTF-8"?>
<!-- Generated by org.testng.reporters.JUnitReportReporter -->
<testsuite hostname="DESKTOP-KIBHVTP" failures="0" tests="4" name="practice.DataProviderPractice3" time="0.022" errors="0" timestamp="2023-02-24T12:40:58 IST" skipped="0">
  <testcase classname="practice.DataProviderPractice3" name="test" time="0.005"/>
  <system-out/>
  <testcase classname="practice.DataProviderPractice3" name="test" time="0.005"/>
  <system-out/>
  <testcase classname="practice.DataProviderPractice3" name="test" time="0.011"/>
  <system-out/>
  <testcase classname="practice.DataProviderPractice3" name="test" time="0.001"/>
  <system-out/>
</testsuite> <!-- practice.DataProviderPractice3 -->
