<?xml version="1.0" encoding="UTF-8"?>
<!-- Generated by org.testng.reporters.JUnitReportReporter -->
<testsuite hostname="DESKTOP-KIBHVTP" failures="0" tests="1" name="practice.Demo" time="1.201" errors="0" timestamp="2023-02-24T15:08:54 IST" skipped="0">
  <testcase classname="practice.Demo" name="demo" time="1.201"/>
  <system-out/>
</testsuite> <!-- practice.Demo -->
